<?xml version="1.0" encoding="UTF-8"?>
<testng-results ignored="0" total="1" passed="1" failed="0" skipped="0">
  <reporter-output>
  </reporter-output>
  <suite started-at="2020-06-17T02:55:33 AMT" name="Command line suite" finished-at="2020-06-17T02:55:33 AMT" duration-ms="6">
    <groups>
    </groups>
    <test started-at="2020-06-17T02:55:33 AMT" name="Command line test" finished-at="2020-06-17T02:55:33 AMT" duration-ms="6">
      <class name="qataskproject.Maintask.AppTest">
        <test-method signature="testApp()[pri:0, instance:testApp(qataskproject.Maintask.AppTest)]" started-at="2020-06-17T02:55:33 AMT" name="testApp" finished-at="2020-06-17T02:55:33 AMT" duration-ms="1" status="PASS">
          <reporter-output>
          </reporter-output>
        </test-method> <!-- testApp -->
      </class> <!-- qataskproject.Maintask.AppTest -->
    </test> <!-- Command line test -->
  </suite> <!-- Command line suite -->
</testng-results>
