<?xml version="1.0" encoding="UTF-8"?>
<testng-results ignored="0" total="1" passed="1" failed="0" skipped="0">
  <reporter-output>
  </reporter-output>
  <suite started-at="2020-06-17T02:55:33 AMT" name="Command line suite" finished-at="2020-06-17T02:55:33 AMT" duration-ms="27">
    <groups>
    </groups>
    <test started-at="2020-06-17T02:55:33 AMT" name="Command line test" finished-at="2020-06-17T02:55:33 AMT" duration-ms="27">
      <class name="qataskproject.Maintask.TestTest">
        <test-method signature="mainTest()[pri:0, instance:qataskproject.Maintask.TestTest@481a15ff]" started-at="2020-06-17T02:55:33 AMT" name="mainTest" finished-at="2020-06-17T02:55:33 AMT" duration-ms="3" status="PASS">
          <reporter-output>
          </reporter-output>
        </test-method> <!-- mainTest -->
      </class> <!-- qataskproject.Maintask.TestTest -->
    </test> <!-- Command line test -->
  </suite> <!-- Command line suite -->
</testng-results>
