<?xml version="1.0" encoding="UTF-8"?>
<testng-results ignored="0" total="1" passed="1" failed="0" skipped="0">
  <reporter-output>
  </reporter-output>
  <suite started-at="2020-06-17T03:29:06 AMT" name="Suite" finished-at="2020-06-17T03:29:06 AMT" duration-ms="31">
    <groups>
    </groups>
    <test started-at="2020-06-17T03:29:06 AMT" name="Test" finished-at="2020-06-17T03:29:06 AMT" duration-ms="31">
      <class name="qataskproject.Maintask.TestTest">
        <test-method signature="mainTest()[pri:0, instance:qataskproject.Maintask.TestTest@419c5f1a]" started-at="2020-06-17T03:29:06 AMT" name="mainTest" finished-at="2020-06-17T03:29:06 AMT" duration-ms="6" status="PASS">
          <reporter-output>
          </reporter-output>
        </test-method> <!-- mainTest -->
      </class> <!-- qataskproject.Maintask.TestTest -->
    </test> <!-- Test -->
  </suite> <!-- Suite -->
</testng-results>
